2024-12-06 13:03:22 - Starting build process for country: se
2024-12-06 13:03:22 - [0;34mStarting: process_images[0m
Images folder 'build/se/images' has been cleared.
Processed image: hero.webp for se
Images folder 'build/no/images' has been cleared.
Processed image: hero.jpg for no
Images folder 'build/de/images' has been cleared.
Processed image: hero.webp for de
2024-12-06 13:03:25 - [0;32mSuccessfully completed: process_images[0m
2024-12-06 13:03:25 - [0;34mStarting: generate_html[0m
Clearing CSS folder...
Compiling LESS files...
Compiled common/less/selected-forum-posts.less to common/css/selected-forum-posts.css
Compiled common/less/training-plans.less to common/css/training-plans.css
Compiled common/less/selected-races.less to common/css/selected-races.css
Compiled common/less/race-time-estimator.less to common/css/race-time-estimator.css
Compiled common/less/add-race.less to common/css/add-race.css
Compiled common/less/race-list-filter.less to common/css/race-list-filter.css
Compiled common/less/race-card-big.less to common/css/race-card-big.css
Compiled common/less/forum.less to common/css/forum.css
Compiled common/less/index.less to common/css/index.css
Compiled common/less/race-page.less to common/css/race-page.css
Compiled common/less/measure-route.less to common/css/measure-route.css
Compiled common/less/about-contact.less to common/css/about-contact.css
Compiled common/less/race-cards.less to common/css/race-cards.css
Compiled common/less/pace-calculator.less to common/css/pace-calculator.css
Compiled common/less/general.less to common/css/general.css
Compiled common/less/selected-forum-post-card.less to common/css/selected-forum-post-card.css
Compiled common/less/hero.less to common/css/hero.css
Compiled common/less/add-race-preview.less to common/css/add-race-preview.css
Compiled common/less/_variables.less to common/css/_variables.css
Compiled common/less/race-card.less to common/css/race-card.css
Compiled common/less/header-menu.less to common/css/header-menu.css
Compiled common/less/breadcrumbs.less to common/css/breadcrumbs.css
Compiled common/less/ads.less to common/css/ads.css
Compiled common/less/race-list-dynamic-titles.less to common/css/race-list-dynamic-titles.css
Copied paceTable.json to build/se/js/paceTable.json
Copied lookupTable.json to build/se/js/lookupTable.json
Copied common/css to build/se/css
Copied common/common_images to build/se/common_images
Copied common/icons to build/se/icons
Copied data/countries/se/json/training_plans_processed_sv.json to build/se/json
Index page generated and common files copied for se!
Copied paceTable.json to build/no/js/paceTable.json
Copied lookupTable.json to build/no/js/lookupTable.json
Copied common/css to build/no/css
Copied common/common_images to build/no/common_images
Copied common/icons to build/no/icons
Copied data/countries/no/json/training_plans_processed_no.json to build/no/json
Index page generated and common files copied for no!
Copied ads.txt to build/de
Copied ads.txt to build/no
Copied ads.txt to build/se
2024-12-06 13:03:29 - [0;32mSuccessfully completed: generate_html[0m
2024-12-06 13:03:29 - [0;34mStarting: build_race_pages[0m
/home/jonkan/.pyenv/versions/3.10.10/lib/python3.10/site-packages/google/cloud/firestore_v1/base_collection.py:304: UserWarning: Detected filter using positional arguments. Prefer using the 'filter' keyword argument instead.
  return query.where(field_path, op_string, value)
Distance filter generated successfully for se!

############ race: Night Shift Trail ############

############ race: Becksvart 6 km ############

############ race: Ultra Caballo Blanco ############

############ race: Eskilstuna Julklappsspel ############

############ race: Stairs of Lucifer ############

############ race: Bore Cup ############

############ race: Fotokungens Inomhus ############

############ race: SAYO Indoor ############

############ race: Julruschen ############

############ race: Luciaspelen ############

############ race: Gavlehovspelen Indoor ############

############ race: SpriT Frontyard Night ############

############ race: PRT 24h ############

############ race: Tomtespelen ############

############ race: SkogsUltra Storstenshöjden ############

############ race: Sylvesterloppet Olofström ############

############ race: Sylvesterloppet 10 km ############

############ race: Nyårsloppet ############

############ race: Nonamespelen Indoor ############

############ race: Tjalvespelen Indoor ############

############ race: Scandic Indoor Games ############

############ race: Floraspelen ############

############ race: Örebro Indoor Games ############

############ race: Stadion Marathon ############

############ race: KA 2-Spelen ############

############ race: Quality Hotel Games ############

############ race: Sandsjöbacka Trail ############

############ race: Täby Vinterspel ############

############ race: Westinghouse Gurkspel ############

############ race: Bannister Ignition ############

############ race: Mondo Indoor Games ############

############ race: Sörbyskogen Svartare ############

############ race: Hissmoforsspelen ############

############ race: Götas Ungdomsspel Inomhus ############

############ race: Vinthundsvintern ############

############ race: Ymerspelen Inomhus ############

############ race: Göteborgs Inomhus ############

############ race: Malmö Indoor Challenge ############

############ race: Raka Spåret ############

############ race: Bocksten Winter Run ############

############ race: BTR WINTER 5-24 KM ############

############ race: Bocksten Winter Trailrun ############

############ race: Februarimaran ############

############ race: Bannister 800m ############

############ race: Hammarbyspelen ############

############ race: Kils Inomhusspel ############

############ race: Sörmlands Winter Trail ############

############ race: Atleticumspelen DM 12-15 ############

############ race: IDM Mittsvenska ############

############ race: Sportia Indoor Games ############

############ race: Siljan Indoor Games ############

############ race: Snapphanerace ############

############ race: Nordiska Ungdomsspelen ############

############ race: Campuscampen ############

############ race: Skåne Frozen Trail ############

############ race: Stävie Trail ############

############ race: Vintersportspelen ############

############ race: ÖGIF Inne ############

############ race: Ursvik Ultra ############

############ race: Falu IK Spelen ############

############ race: Equinox Adventure Ultra ############

############ race: GotRun Trail Fest ############

############ race: Hoka Torekov-Båstad ############

############ race: Premiärmilen ############

############ race: Marsspelen ############

############ race: Eskilstuna Ungdomsspel ############

############ race: Backyard Ultra ############

############ race: Tjust Trail Run ############
Traceback (most recent call last):
  File "/race-aggregator/project-root/python/build_race_pages.py", line 348, in <module>
    generate_race_pages(country_code)
  File "/race-aggregator/project-root/python/build_race_pages.py", line 293, in generate_race_pages
    img.save(image_path, 'WEBP')
  File "/home/jonkan/.pyenv/versions/3.10.10/lib/python3.10/site-packages/PIL/Image.py", line 2568, in save
    save_handler(self, fp, filename)
  File "/home/jonkan/.pyenv/versions/3.10.10/lib/python3.10/site-packages/PIL/WebPImagePlugin.py", line 336, in _save
    data = _webp.WebPEncode(
KeyboardInterrupt
