2024-12-10 09:12:48 - Starting build process for country: no
2024-12-10 09:12:48 - [0;34mStarting: process_images[0m
Images folder 'build/se/images' has been cleared.
Processed image: hero.webp for se
Images folder 'build/no/images' has been cleared.
Processed image: hero.jpg for no
Images folder 'build/de/images' has been cleared.
Processed image: hero.webp for de
2024-12-10 09:12:50 - [0;32mSuccessfully completed: process_images[0m
2024-12-10 09:12:50 - [0;34mStarting: generate_html[0m
Clearing CSS folder...
Compiling LESS files...
Compiled common/less/selected-forum-posts.less to common/css/selected-forum-posts.css
Compiled common/less/training-plans.less to common/css/training-plans.css
Compiled common/less/selected-races.less to common/css/selected-races.css
Compiled common/less/race-time-estimator.less to common/css/race-time-estimator.css
Compiled common/less/add-race.less to common/css/add-race.css
Compiled common/less/race-list-filter.less to common/css/race-list-filter.css
Compiled common/less/race-card-big.less to common/css/race-card-big.css
Compiled common/less/forum.less to common/css/forum.css
Compiled common/less/index.less to common/css/index.css
Compiled common/less/race-page.less to common/css/race-page.css
Compiled common/less/measure-route.less to common/css/measure-route.css
Compiled common/less/about-contact.less to common/css/about-contact.css
Compiled common/less/race-cards.less to common/css/race-cards.css
Compiled common/less/pace-calculator.less to common/css/pace-calculator.css
Compiled common/less/general.less to common/css/general.css
Compiled common/less/selected-forum-post-card.less to common/css/selected-forum-post-card.css
Compiled common/less/hero.less to common/css/hero.css
Compiled common/less/add-race-preview.less to common/css/add-race-preview.css
Compiled common/less/_variables.less to common/css/_variables.css
Compiled common/less/race-card.less to common/css/race-card.css
Compiled common/less/header-menu.less to common/css/header-menu.css
Compiled common/less/breadcrumbs.less to common/css/breadcrumbs.css
Compiled common/less/ads.less to common/css/ads.css
Compiled common/less/race-list-dynamic-titles.less to common/css/race-list-dynamic-titles.css
Copied paceTable.json to build/se/js/paceTable.json
Copied lookupTable.json to build/se/js/lookupTable.json
Copied common/css to build/se/css
Copied common/common_images to build/se/common_images
Copied common/icons to build/se/icons
Copied data/countries/se/json/training_plans_processed_sv.json to build/se/json
Index page generated and common files copied for se!
Copied paceTable.json to build/no/js/paceTable.json
Copied lookupTable.json to build/no/js/lookupTable.json
Copied common/css to build/no/css
Copied common/common_images to build/no/common_images
Copied common/icons to build/no/icons
Copied data/countries/no/json/training_plans_processed_no.json to build/no/json
Index page generated and common files copied for no!
Copied ads.txt to build/de
Copied ads.txt to build/no
Copied ads.txt to build/se
2024-12-10 09:12:53 - [0;32mSuccessfully completed: generate_html[0m
2024-12-10 09:12:53 - [0;34mStarting: build_robots.txt[0m
python3: can't open file '/race-aggregator/project-root/python/build_robots.txt.py': [Errno 2] No such file or directory
2024-12-10 09:12:53 - [0;31mFailed: build_robots.txt[0m
