2024-12-11 07:36:15 - Starting build process for country: no
2024-12-11 07:36:15 - [0;34mStarting: process_images[0m
Images folder 'build/se/images' has been cleared.
Processed image: hero.webp for se
Images folder 'build/no/images' has been cleared.
Processed image: hero.jpg for no
Images folder 'build/de/images' has been cleared.
Processed image: hero.webp for de
2024-12-11 07:36:17 - [0;32mSuccessfully completed: process_images[0m
2024-12-11 07:36:17 - [0;34mStarting: generate_html[0m
Clearing CSS folder...
Compiling LESS files...
Compiled common/less/selected-forum-posts.less to common/css/selected-forum-posts.css
Compiled common/less/training-plans.less to common/css/training-plans.css
Compiled common/less/selected-races.less to common/css/selected-races.css
Compiled common/less/race-time-estimator.less to common/css/race-time-estimator.css
Compiled common/less/add-race.less to common/css/add-race.css
Compiled common/less/race-list-filter.less to common/css/race-list-filter.css
Compiled common/less/race-card-big.less to common/css/race-card-big.css
Compiled common/less/forum.less to common/css/forum.css
Compiled common/less/index.less to common/css/index.css
Compiled common/less/race-page.less to common/css/race-page.css
Compiled common/less/measure-route.less to common/css/measure-route.css
Compiled common/less/about-contact.less to common/css/about-contact.css
Compiled common/less/race-cards.less to common/css/race-cards.css
Compiled common/less/pace-calculator.less to common/css/pace-calculator.css
Compiled common/less/general.less to common/css/general.css
Compiled common/less/selected-forum-post-card.less to common/css/selected-forum-post-card.css
Compiled common/less/hero.less to common/css/hero.css
Compiled common/less/add-race-preview.less to common/css/add-race-preview.css
Compiled common/less/_variables.less to common/css/_variables.css
Compiled common/less/race-card.less to common/css/race-card.css
Compiled common/less/header-menu.less to common/css/header-menu.css
Compiled common/less/breadcrumbs.less to common/css/breadcrumbs.css
Compiled common/less/ads.less to common/css/ads.css
Compiled common/less/race-list-dynamic-titles.less to common/css/race-list-dynamic-titles.css
Copied paceTable.json to build/se/js/paceTable.json
Copied lookupTable.json to build/se/js/lookupTable.json
Copied common/css to build/se/css
Copied common/common_images to build/se/common_images
Copied common/icons to build/se/icons
Copied data/countries/se/json/training_plans_processed_sv.json to build/se/json
Index page generated and common files copied for se!
Copied paceTable.json to build/no/js/paceTable.json
Copied lookupTable.json to build/no/js/lookupTable.json
Copied common/css to build/no/css
Copied common/common_images to build/no/common_images
Copied common/icons to build/no/icons
Copied data/countries/no/json/training_plans_processed_no.json to build/no/json
Index page generated and common files copied for no!
Copied ads.txt to build/de
Copied ads.txt to build/no
Copied ads.txt to build/se
2024-12-11 07:36:21 - [0;32mSuccessfully completed: generate_html[0m
2024-12-11 07:36:21 - [0;34mStarting: build_robots_txt[0m
Generated robots.txt for de
Generated robots.txt for no
Generated robots.txt for se
2024-12-11 07:36:21 - [0;32mSuccessfully completed: build_robots_txt[0m
2024-12-11 07:36:21 - [0;34mStarting: build_race_pages[0m
/home/jonkan/.pyenv/versions/3.10.10/lib/python3.10/site-packages/google/cloud/firestore_v1/base_collection.py:304: UserWarning: Detected filter using positional arguments. Prefer using the 'filter' keyword argument instead.
  return query.where(field_path, op_string, value)
Distance filter generated successfully for no!

############ race: Askøybroløpet ############

############ race: Torsdagsløpet ############

############ race: Magni Maraton 95 ############

############ race: Vinterkarusellen Ålesund - 2. løp ############

############ race: Andersens Adventløp ############

############ race: Hamarkarusellen Vinter Løp 3 ############

############ race: Torsdagsløpets Juleløp ############

############ race: Nisseløpet Lommedalen ############

############ race: Søndagsløpet - juleløp ############

############ race: Valestrandsmarka Rundt ############

############ race: Dalborgløpet ############

############ race: Mandals Juledagsløp ############

############ race: Ribbemaraton ############

############ race: Vinterkarusellen 4. løp ############

############ race: Nyttårsmaraton Ålesund ############

############ race: Nyttårstrimmen ############

############ race: Nyttårsløpet Trondheim ############

############ race: Romjulsløpet Jaktstart ############

############ race: Polar Night Marathon ############

############ race: Vinterkarusellen 5. løp ############

############ race: Vinterkarusellen Løp 4 ############

############ race: Snøkuten Nordhagarunden ############

############ race: Hagemanns Hill Mile ############

############ race: Vinterkarusellen 3. løp ############

############ race: Hamarkarusellen Vinter Løp 4 ############

############ race: Vinterkarusellen 6. løp ############

############ race: Åsane Løpskarusell 1 ############

############ race: Vinterkarusellen Løp 5 ############

############ race: Vinterkarusellen 7. løp ############

############ race: Bislett Indoor Marathon ############

############ race: Vinterkarusellen 4. løp ############

############ race: Winterrun Bergen ############

############ race: Snøkuten Glestadrunden ############

############ race: Åsane Løpskarusell 2 ############

############ race: Vinterkarusellen 8. løp ############

############ race: Robust-løpet ############

############ race: Vinterkarusellen Løp 6 ############

############ race: Hamarkarusellen Vinter Løp 5 ############

############ race: Egersund Halvmaraton ############

############ race: Åsane Løpskarusell 3 ############

############ race: Orremilå ############

############ race: Vinterkarusellen 5. løp ############

############ race: Vinterkarusellen 10. løp ############

############ race: Vinterkarusellen Løp 7 ############

############ race: Snøkuten Kaashagarunden ############

############ race: Industriløpet ############

############ race: Sandnes Backyard ############

############ race: Hamarkarusellen Vinter Løp 6 ############

############ race: Åsane Løpskarusell 4 ############

############ race: Arctic Snowshoe Race ############

############ race: Mortenløpene Terrengløp ############

############ race: Vinterkarusellen Løp 8 ############

############ race: Mobergslia Opp ############

############ race: Parkløpet ############

############ race: KRS Ultra ############

############ race: NM Terrengløp Stafett ############

############ race: Bergen 5000 Challenge ############

############ race: Frostatingløpet ############

############ race: Oslo Løpsfestival ############

############ race: H3 Hamar Vårløp ############

############ race: Fredrikstadløpet ############

############ race: Voss Løpskarusell 1 ############

############ race: Holavatnet Rundt 1 ############

############ race: Valestrandsmarka Rundt 1. løp ############

############ race: Frozen Lake Marathon ############

############ race: KRS Ultra ############

############ race: Hålandsvannet Halvmaraton ############

############ race: Perseløpet Maraton Vår ############

############ race: PåskeHareMaraton ############

############ race: Valderløpet ############

############ race: NM Terrengløp Kort Løype ############

############ race: Ørasprinten ############

############ race: Trønderjogg ############

############ race: Holavatnet Rundt 2 ############

############ race: TUIL Stafetten ############

############ race: Vårdilten ############

############ race: Bykarusellen Perseløp ############

############ race: Ålgårdstafetten ############

############ race: Sandnes Ultratrail ############

############ race: Larviksløpet ############

############ race: Viggaløpet ############

############ race: ASICS Sentrumsløpet ############

############ race: Monolittløpet ############

############ race: Røyse Ultra ############

############ race: Fjordkraft Bergen City Marathon ############

############ race: Holmestrand Maraton ############

############ race: Siddisløpet - Gule Banken ############

############ race: Monolittstafetten ############

############ race: Molde Maraton ############

############ race: Hell Backyard Ultra ############

############ race: Fjellseterløpet ############

############ race: Oslo Løpsfestival - BygdøyRunden ############

############ race: Titanløpet ############

############ race: Fløibanen Opp ############

############ race: Holavatnet Rundt 3 ############

############ race: Strandamilå ############

############ race: Konradløpet ############

############ race: Grue Halvmaraton ############

############ race: Sabbaløpet ############

############ race: Askstafetten ############

############ race: Sunnhordland Løpsfest ############

############ race: CC-Løpet Hamar ############

############ race: Perseløpet Ultra ############

############ race: Jentejoggen Lillestrøm ############

############ race: Steinsland Bygdemaraton ############

############ race: Askøy på langs ############

############ race: Råskinnet ############

############ race: Skogvokteren Ultra ############

############ race: Ulfstindmila ############

############ race: Voss Løpskarusell 2 ############

############ race: Tordenskioldløpet ############

############ race: Søreideløpet ############

############ race: Holavatnet Rundt 4 ############

############ race: Kjoseløpet ############

############ race: Brurunden - Kjell Halvarsson Minneløp ############

############ race: Botn Rundt ############

############ race: Storehaugen Opp ############

############ race: Åsaneløpet ############

############ race: Albyløpet ############

############ race: Valestrandsmarka Rundt 3. løp ############

############ race: Ilsengløpet ############

############ race: Nekrotrail ############

############ race: Fløyen - Knarvik ############

############ race: CC-Løpet Gjøvik ############

############ race: Horten Opp ############

############ race: Osterøy Stadion 10 km ############

############ race: Osterøy Stadion Løp ############

############ race: Holmenkollstafetten ############

############ race: Stadionmila ############

############ race: Fevik Løbestævne ############

############ race: Oslo Løpsfestival ############

############ race: Kanada Rundt ############

############ race: Holavatnet Rundt 5 ############

############ race: Skifjelløpet ############

############ race: Eikenosa Opp ############

############ race: Prestfoss Stafetten ############

############ race: Varig Orkla-løpet ############

############ race: Perseløpet 5 & 10 km ############

############ race: OBOS Fornebuløpet ############

############ race: Bykarusellen Perseløp 2 ############

############ race: Valestrandsmarka Rundt 4. løp ############

############ race: Sømnamile ############

############ race: Schjongs5ern ############

############ race: Soria Moria til Ende ############

############ race: 4625 Løpet ############

############ race: Hamarløpet ############

############ race: Ulriken Opp ############

############ race: Bèrghem Ultra Trail ############

############ race: Nidaros Løpefest ############

############ race: Navy Race OCR - Trondheim ############

############ race: Farsund Maraton ############

############ race: Oslo Grorudløpet ############

############ race: Grefsenkollen Opp ############

############ race: Straumemila ############

############ race: Totenvikaløpet ############

############ race: Setervegløpet ############

############ race: Holavatnet Rundt 7 ############

############ race: Tjomsevannet Rundt ############

############ race: Perseløpet 3km & 10km ############

############ race: Knartamarsjen ############

############ race: Landsstafetten ############

############ race: Blåfelden Rett Opp ############

############ race: Osterøy på tvers ############

############ race: Barskingen OCR Hinderløp ############

############ race: Vestfold Historic Ultra ############

############ race: Jessheim Halvmaraton ############

############ race: Voss Løpskarusell 3 ############

############ race: Sommerkarusellen - 1. løp ############

############ race: Bergen Fjellmaraton ############

############ race: Neveresting Hafjell ############

############ race: Spitsbergen Marathon ############

############ race: Stomperudløpet ############

############ race: Arctic Run ############

############ race: Lysefjorden Inn Ultra ############

############ race: Ålesund Maraton ############

############ race: Saldilten ############

############ race: Ekholtløpet ############

############ race: Holavatnet Rundt 9 ############

############ race: Rocket Run ############

############ race: Valestrandsmarka Rundt 5. løp ############

############ race: Sommernattsløpet Trondheim ############

############ race: Hovlandsnuten Opp ############

############ race: Nøsen Hundreds Ultra ############

############ race: Besseggløpet ############

############ race: Birkebeinerløpet ############

############ race: Pinåsløpet ############

############ race: Frøylandsvatnet Rundt ############

############ race: Byløpet ############

############ race: Hell Løpefestival ############

############ race: Fjord til Helvete ############

############ race: Sommerløpet ############

############ race: Ørsta Fjellmaraton ############

############ race: Trolljegerprøven Sandnes ############

############ race: Utleiraløpet ############

############ race: Randabergfjellet Opp ############

############ race: Oslo Løpsfestival ############

############ race: FIL-mila ############

############ race: Bislettmila ############

############ race: Sommerkarusellen - 2. løp ############

############ race: Trønder-Østløpet ############

############ race: Holavatnet Rundt 10 ############

############ race: Solnedgangen ############

############ race: St. Hansgaloppen ############

############ race: Skagerrakmila ############

############ race: Bankmila ############

############ race: Fyr til Fyr ############

############ race: Sentrumsgateløpet ############

############ race: Nordmarka Skogsmaraton ############

############ race: Isfjorden Skyrace ############

############ race: Kristinaløpet ############

############ race: Midnight Sun Marathon ############

############ race: Bodø Bauta 6-timersløp ############

############ race: Ringerike 6-Timers Marathon ############

############ race: Flækøyhøe Upp ############

############ race: Midtsommarløpet ############

############ race: Perseløpet 5 km, 10 km, Halvmaraton ############

############ race: Bamford Frontyard ############

############ race: Valestrandsmarka Rundt 6. løp ############

############ race: Soknaløpet ############

############ race: Unions Marathon ############

############ race: Mensen Ernst Minneløp ############

############ race: Oslo Løpsfestival - Maridalsvannet Rundt ############

############ race: Sommerkarusellen 3. løp ############

############ race: Oslo Bergen Trail ############

############ race: Hornindal Rundt ############

############ race: Jølster Maraton ############

############ race: Bitihorn Opp ############

############ race: Black Lake Race ############

############ race: Hardangerjøkulen Ultra ############

############ race: Oslo Bergen Trail ############

############ race: Dream Challenge ############

############ race: Kvitfjell Opp ############

############ race: Kvitfjell Stuttlaup ############

############ race: Rondane Backyard Trail ############

############ race: Blefjells Beste ############

############ race: Jordbærdilten ############

############ race: Kvitfjell Langlaup ############

############ race: Gaea Norvegica Trail ############

############ race: Jotunheimen Trail Run ############

############ race: Navy Race OCR - Horten ############

############ race: Meråker Mountain Challenge NM ############

############ race: Sommerkarusellen 4. løp ############

############ race: Qvæntrimmila ############

############ race: Valestrandsmarka Rundt 8. løp ############

############ race: Stranda Fjord Trail Race ############

############ race: Fevik Løbestævne ############

############ race: Perseløpet 5 km, 10 km, Halvmaraton ############

############ race: Sámi Maraton ############

############ race: Romerikes Råeste ############

############ race: Christian Frederik-løpet ############

############ race: Kårvatn Skyrace ############

############ race: Ringeriksmaraton ############

############ race: Oslo Korketrekker'n Opp ############

############ race: Sommerkarusellen 5. løp ############

############ race: Mandalsmaraton ############

############ race: Skåbu Fjellmaraton Ultra ############

############ race: Vossaton ############

############ race: Tromsø Mountain Challenge ############

############ race: Østmarka Trail Challenge ############

############ race: Børvasstindan Classic ############

############ race: Halddemarsjen ############

############ race: Kambomila ############

############ race: Holavatnet Rundt 13 ############

############ race: Åsane Løpskarusell 5 ############

############ race: Ole Bull-løpet ############

############ race: Valestrandsmarka Rundt 9. løp ############

############ race: Budor Løpefest ############

############ race: Molde Maraton ############

############ race: Lyderhorn Opp ############

############ race: Oslo Løpsfestival - Fornebu Rundt ############

############ race: Holavatnet Rundt 14 ############

############ race: Bykarusellen Perseløp 3 ############

############ race: Knarvikmila 10/5/3 km ############

############ race: Knarvik Halvmaraton ############

############ race: Trondheim Maraton ############

############ race: Romsdalseggenløpet ############

############ race: Nordmarkstravern ############

############ race: Rødseterpytten Rundt ############

############ race: Stordløpet ############

############ race: Holavatnet Rundt 15 ############

############ race: Fjordkraft Bergen City Milen ############

############ race: Perseløpet 5 km, 10 km, Halvmaraton ############

############ race: Holavatnet Rundt 16 ############

############ race: Åsane Løpskarusell 6 ############

############ race: Hodlekve Rundt Fjelløp ############

############ race: Hauernløpet ############

############ race: Brakvatnet Halvmaraton Stafett ############

############ race: Oslo Maraton 10 km ############

############ race: Flyplassmila ############

############ race: Gjesdalmilå ############

############ race: Bergen 5000 Challenge ############

############ race: Voss Løpskarusell 6 ############

############ race: Bykarusellen Perseløp 4 ############

############ race: Nordmarka Ultra Challenge ############

############ race: Årefjorden Rundt ############

############ race: Norgesløpet - UKI 6. løp ############

############ race: Loddefjordløpet ############

############ race: Gausta Challenge ############

############ race: Hagemanns Rundbaneløp ############

############ race: Kvinnheradløpet ############

############ race: Høst Perseløpet Maraton ############

############ race: Fevik Løbestævne ############

############ race: Gjesdal Trailrun ############

############ race: Bislett 24 Hour Indoor ############
Race pages generated successfully for no!
2024-12-11 07:40:37 - [0;32mSuccessfully completed: build_race_pages[0m
